\BOOKMARK [0][-]{chapter.1}{The Basics}{}% 1
\BOOKMARK [1][-]{section.1.1}{Core Attributes}{chapter.1}% 2
\BOOKMARK [1][-]{section.1.2}{Calculated Attributes}{chapter.1}% 3
\BOOKMARK [1][-]{section.1.3}{Skills}{chapter.1}% 4
\BOOKMARK [1][-]{section.1.4}{Special Skills}{chapter.1}% 5
\BOOKMARK [1][-]{section.1.5}{Affinity}{chapter.1}% 6
\BOOKMARK [1][-]{section.1.6}{Proficiencies}{chapter.1}% 7
\BOOKMARK [1][-]{section.1.7}{Styles}{chapter.1}% 8
\BOOKMARK [0][-]{chapter.2}{Leveling Up}{}% 9
\BOOKMARK [0][-]{chapter.3}{Items, Loot, and Crafting}{}% 10
\BOOKMARK [1][-]{section.3.1}{Base Craft Grade}{chapter.3}% 11
\BOOKMARK [1][-]{section.3.2}{Buffs}{chapter.3}% 12
\BOOKMARK [1][-]{section.3.3}{Penalties}{chapter.3}% 13
\BOOKMARK [1][-]{section.3.4}{Conditionality}{chapter.3}% 14
\BOOKMARK [1][-]{section.3.5}{Examples}{chapter.3}% 15
\BOOKMARK [1][-]{section.3.6}{Crafting}{chapter.3}% 16
\BOOKMARK [1][-]{section.3.7}{Loot Guidelines}{chapter.3}% 17
\BOOKMARK [0][-]{chapter.4}{Combat}{}% 18
\BOOKMARK [1][-]{section.4.1}{Taking an Action}{chapter.4}% 19
\BOOKMARK [1][-]{section.4.2}{Movement}{chapter.4}% 20
\BOOKMARK [1][-]{section.4.3}{Taking Damage}{chapter.4}% 21
\BOOKMARK [1][-]{section.4.4}{Attacking}{chapter.4}% 22
\BOOKMARK [1][-]{section.4.5}{Preparing an Action}{chapter.4}% 23
\BOOKMARK [1][-]{section.4.6}{Special Actions}{chapter.4}% 24
\BOOKMARK [0][-]{chapter.5}{Guidelines For GM's}{}% 25
\BOOKMARK [1][-]{section.5.1}{Awarding Levels}{chapter.5}% 26
\BOOKMARK [1][-]{section.5.2}{Difficulty Check Guidelines}{chapter.5}% 27
\BOOKMARK [1][-]{section.5.3}{Custom Class Guidelines}{chapter.5}% 28
