This is pdfTeX, Version 3.14159265-2.6-1.40.18 (MiKTeX 2.9.6500 64-bit) (preloaded format=pdflatex 2017.12.13)  17 DEC 2017 16:15
entering extended mode
**./Rp20_1e_ebookform.tex
(Rp20_1e_ebookform.tex
LaTeX2e <2017-04-15>
Babel <3.15> and hyphenation patterns for 75 language(s) loaded.
("C:\Program Files\MiKTeX 2.9\tex\latex\base\article.cls"
Document Class: article 2014/09/29 v1.4h Standard LaTeX document class
("C:\Program Files\MiKTeX 2.9\tex\latex\base\size10.clo"
File: size10.clo 2014/09/29 v1.4h Standard LaTeX file (size option)
)
\c@part=\count79
\c@section=\count80
\c@subsection=\count81
\c@subsubsection=\count82
\c@paragraph=\count83
\c@subparagraph=\count84
\c@figure=\count85
\c@table=\count86
\abovecaptionskip=\skip41
\belowcaptionskip=\skip42
\bibindent=\dimen102
)
("C:\Program Files\MiKTeX 2.9\tex\latex\pdfpages\pdfpages.sty"
Package: pdfpages 2017/10/31 v0.5l Insert pages of external PDF documents (AM)

("C:\Program Files\MiKTeX 2.9\tex\latex\base\ifthen.sty"
Package: ifthen 2014/09/29 v1.1c Standard LaTeX ifthen package (DPC)
)
("C:\Program Files\MiKTeX 2.9\tex\latex\tools\calc.sty"
Package: calc 2014/10/28 v4.3 Infix arithmetic (KKT,FJ)
\calc@Acount=\count87
\calc@Bcount=\count88
\calc@Adimen=\dimen103
\calc@Bdimen=\dimen104
\calc@Askip=\skip43
\calc@Bskip=\skip44
LaTeX Info: Redefining \setlength on input line 80.
LaTeX Info: Redefining \addtolength on input line 81.
\calc@Ccount=\count89
\calc@Cskip=\skip45
)
("C:\Program Files\MiKTeX 2.9\tex\latex\eso-pic\eso-pic.sty"
Package: eso-pic 2015/07/21 v2.0g eso-pic (RN)

("C:\Program Files\MiKTeX 2.9\tex\generic\oberdiek\atbegshi.sty"
Package: atbegshi 2016/06/09 v1.18 At begin shipout hook (HO)

("C:\Program Files\MiKTeX 2.9\tex\generic\oberdiek\infwarerr.sty"
Package: infwarerr 2016/05/16 v1.4 Providing info/warning/error messages (HO)
)
("C:\Program Files\MiKTeX 2.9\tex\generic\oberdiek\ltxcmds.sty"
Package: ltxcmds 2016/05/16 v1.23 LaTeX kernel commands for general use (HO)
)
("C:\Program Files\MiKTeX 2.9\tex\generic\oberdiek\ifpdf.sty"
Package: ifpdf 2017/03/15 v3.2 Provides the ifpdf switch
))
("C:\Program Files\MiKTeX 2.9\tex\latex\graphics\keyval.sty"
Package: keyval 2014/10/28 v1.15 key=value parser (DPC)
\KV@toks@=\toks14
)
("C:\Program Files\MiKTeX 2.9\tex\latex\xcolor\xcolor.sty"
Package: xcolor 2016/05/11 v2.12 LaTeX color extensions (UK)

("C:\Program Files\MiKTeX 2.9\tex\latex\graphics-cfg\color.cfg"
File: color.cfg 2016/01/02 v1.6 sample color configuration
)
Package xcolor Info: Driver file: pdftex.def on input line 225.

("C:\Program Files\MiKTeX 2.9\tex\latex\graphics-def\pdftex.def"
File: pdftex.def 2017/06/24 v1.0g Graphics/color driver for pdftex
)
Package xcolor Info: Model `cmy' substituted by `cmy0' on input line 1348.
Package xcolor Info: Model `hsb' substituted by `rgb' on input line 1352.
Package xcolor Info: Model `RGB' extended on input line 1364.
Package xcolor Info: Model `HTML' substituted by `rgb' on input line 1366.
Package xcolor Info: Model `Hsb' substituted by `hsb' on input line 1367.
Package xcolor Info: Model `tHsb' substituted by `hsb' on input line 1368.
Package xcolor Info: Model `HSB' substituted by `hsb' on input line 1369.
Package xcolor Info: Model `Gray' substituted by `gray' on input line 1370.
Package xcolor Info: Model `wave' substituted by `hsb' on input line 1371.
))
("C:\Program Files\MiKTeX 2.9\tex\latex\graphics\graphicx.sty"
Package: graphicx 2017/06/01 v1.1a Enhanced LaTeX Graphics (DPC,SPQR)

("C:\Program Files\MiKTeX 2.9\tex\latex\graphics\graphics.sty"
Package: graphics 2017/06/25 v1.2c Standard LaTeX Graphics (DPC,SPQR)

("C:\Program Files\MiKTeX 2.9\tex\latex\graphics\trig.sty"
Package: trig 2016/01/03 v1.10 sin cos tan (DPC)
)
("C:\Program Files\MiKTeX 2.9\tex\latex\graphics-cfg\graphics.cfg"
File: graphics.cfg 2016/06/04 v1.11 sample graphics configuration
)
Package graphics Info: Driver file: pdftex.def on input line 99.
)
\Gin@req@height=\dimen105
\Gin@req@width=\dimen106
)
\AM@pagewidth=\dimen107
\AM@pageheight=\dimen108

("C:\Program Files\MiKTeX 2.9\tex\latex\pdfpages\pppdftex.def"
File: pppdftex.def 2017/10/31 v0.5l Pdfpages driver for pdfTeX (AM)
)
\AM@pagebox=\box26
\AM@global@opts=\toks15
\AM@toc@title=\toks16
\c@AM@survey=\count90
\AM@templatesizebox=\box27
)
(C:\Users\nitin\AppData\Roaming\MiKTeX\2.9\tex\latex\pax\pax.sty
Package: pax 2011/07/06 v0.1k Annotation support for PDF graphics (HO)

("C:\Program Files\MiKTeX 2.9\tex\generic\oberdiek\kvsetkeys.sty"
Package: kvsetkeys 2016/05/16 v1.17 Key value parser (HO)

("C:\Program Files\MiKTeX 2.9\tex\generic\oberdiek\etexcmds.sty"
Package: etexcmds 2016/05/16 v1.6 Avoid name clashes with e-TeX commands (HO)

("C:\Program Files\MiKTeX 2.9\tex\generic\oberdiek\ifluatex.sty"
Package: ifluatex 2016/05/16 v1.4 Provides the ifluatex switch (HO)
Package ifluatex Info: LuaTeX not detected.
)
Package etexcmds Info: Could not find \expanded.
(etexcmds)             That can mean that you are not using pdfTeX 1.50 or
(etexcmds)             that some package has redefined \expanded.
(etexcmds)             In the latter case, load this package earlier.
))
("C:\Program Files\MiKTeX 2.9\tex\latex\oberdiek\kvoptions.sty"
Package: kvoptions 2016/05/16 v3.12 Key value format for package options (HO)
)
("C:\Program Files\MiKTeX 2.9\tex\latex\oberdiek\auxhook.sty"
Package: auxhook 2016/05/16 v1.4 Hooks for auxiliary files (HO)
))
("C:\Program Files\MiKTeX 2.9\tex\latex\geometry\geometry.sty"
Package: geometry 2010/09/12 v5.6 Page Geometry

("C:\Program Files\MiKTeX 2.9\tex\generic\oberdiek\ifvtex.sty"
Package: ifvtex 2016/05/16 v1.6 Detect VTeX and its facilities (HO)
Package ifvtex Info: VTeX not detected.
)
("C:\Program Files\MiKTeX 2.9\tex\generic\ifxetex\ifxetex.sty"
Package: ifxetex 2010/09/12 v0.6 Provides ifxetex conditional
)
\Gm@cnth=\count91
\Gm@cntv=\count92
\c@Gm@tempcnt=\count93
\Gm@bindingoffset=\dimen109
\Gm@wd@mp=\dimen110
\Gm@odd@mp=\dimen111
\Gm@even@mp=\dimen112
\Gm@layoutwidth=\dimen113
\Gm@layoutheight=\dimen114
\Gm@layouthoffset=\dimen115
\Gm@layoutvoffset=\dimen116
\Gm@dimlist=\toks17

("C:\Program Files\MiKTeX 2.9\tex\latex\geometry\geometry.cfg"))
("C:\Program Files\MiKTeX 2.9\tex\latex\crop\crop.sty"
Package: crop 2003/05/20 v1.9 crop marks (mf)
\stockwidth=\dimen117
\stockheight=\dimen118
\CROP@index=\count94
\CROP@offset=\count95
Package crop Info: Local config file crop.cfg used on input line 605.

("C:\Program Files\MiKTeX 2.9\tex\xelatex\xetexconfig\crop.cfg"))
(Rp20_1e_ebookform.aux)
\openout1 = `Rp20_1e_ebookform.aux'.

LaTeX Font Info:    Checking defaults for OML/cmm/m/it on input line 9.
LaTeX Font Info:    ... okay on input line 9.
LaTeX Font Info:    Checking defaults for T1/cmr/m/n on input line 9.
LaTeX Font Info:    ... okay on input line 9.
LaTeX Font Info:    Checking defaults for OT1/cmr/m/n on input line 9.
LaTeX Font Info:    ... okay on input line 9.
LaTeX Font Info:    Checking defaults for OMS/cmsy/m/n on input line 9.
LaTeX Font Info:    ... okay on input line 9.
LaTeX Font Info:    Checking defaults for OMX/cmex/m/n on input line 9.
LaTeX Font Info:    ... okay on input line 9.
LaTeX Font Info:    Checking defaults for U/cmr/m/n on input line 9.
LaTeX Font Info:    ... okay on input line 9.
\AtBeginShipoutBox=\box28
Package atbegshi Info: Package `crop' patched.

("C:\Program Files\MiKTeX 2.9\tex\context\base\supp-pdf.mkii"
[Loading MPS to PDF converter (version 2006.09.02).]
\scratchcounter=\count96
\scratchdimen=\dimen119
\scratchbox=\box29
\nofMPsegments=\count97
\nofMParguments=\count98
\everyMPshowfont=\toks18
\MPscratchCnt=\count99
\MPscratchDim=\dimen120
\MPnumerator=\count100
\makeMPintoPDFobject=\count101
\everyMPtoPDFconversion=\toks19
) ("C:\Program Files\MiKTeX 2.9\tex\latex\oberdiek\epstopdf-base.sty"
Package: epstopdf-base 2016/05/15 v2.6 Base part for package epstopdf

("C:\Program Files\MiKTeX 2.9\tex\latex\oberdiek\grfext.sty"
Package: grfext 2016/05/16 v1.2 Manage graphics extensions (HO)

("C:\Program Files\MiKTeX 2.9\tex\generic\oberdiek\kvdefinekeys.sty"
Package: kvdefinekeys 2016/05/16 v1.4 Define keys (HO)
))
("C:\Program Files\MiKTeX 2.9\tex\generic\oberdiek\pdftexcmds.sty"
Package: pdftexcmds 2017/03/19 v0.25 Utility functions of pdfTeX for LuaTeX (HO
)
Package pdftexcmds Info: LuaTeX not detected.
Package pdftexcmds Info: \pdf@primitive is available.
Package pdftexcmds Info: \pdf@ifprimitive is available.
Package pdftexcmds Info: \pdfdraftmode found.
)
Package epstopdf-base Info: Redefining graphics rule for `.eps' on input line 4
38.
Package grfext Info: Graphics extension search list:
(grfext)             [.pdf,.png,.jpg,.mps,.jpeg,.jbig2,.jb2,.PDF,.PNG,.JPG,.JPE
G,.JBIG2,.JB2,.eps]
(grfext)             \AppendGraphicsExtensions on input line 456.
)
("C:\Program Files\MiKTeX 2.9\tex\latex\oberdiek\pdflscape.sty"
Package: pdflscape 2016/05/14 v0.11 Display of landscape pages in PDF (HO)

("C:\Program Files\MiKTeX 2.9\tex\latex\graphics\lscape.sty"
Package: lscape 2000/10/22 v3.01 Landscape Pages (DPC)
)
Package pdflscape Info: Auto-detected driver: pdftex on input line 81.
)
*geometry* driver: auto-detecting
*geometry* detected driver: pdftex
*geometry* verbose mode - [ preamble ] result:
* driver: pdftex
* paper: custom
* layout: <same size as paper>
* layoutoffset:(h,v)=(0.0pt,0.0pt)
* modes: 
* h-part:(L,W,R)=(145.11053pt, 677.17262pt, 145.11053pt)
* v-part:(T,H,B)=(81.94476pt, 478.0042pt, 122.91718pt)
* \paperwidth=967.39369pt
* \paperheight=682.86613pt
* \textwidth=677.17262pt
* \textheight=478.0042pt
* \oddsidemargin=72.84055pt
* \evensidemargin=72.84055pt
* \topmargin=-27.32523pt
* \headheight=12.0pt
* \headsep=25.0pt
* \topskip=10.0pt
* \footskip=30.0pt
* \marginparwidth=65.0pt
* \marginparsep=11.0pt
* \columnsep=10.0pt
* \skip\footins=9.0pt plus 4.0pt minus 2.0pt
* \hoffset=0.0pt
* \voffset=0.0pt
* \mag=1000
* \@twocolumnfalse
* \@twosidefalse
* \@mparswitchfalse
* \@reversemarginfalse
* (1in=72.27pt=25.4mm, 1cm=28.453pt)

Package crop Info: requested driver: `pdftex' on input line 9.
Package crop Info: detected driver: `pdftex' on input line 9.
Package crop Info: using `pdftex' graphics driver on input line 9.
<Rp20_1e.pdf, id=1, pagebox=cropbox, 483.6971pt x 682.86618pt>
File: Rp20_1e.pdf Graphic file (type pdf)
<use Rp20_1e.pdf>
Package pdftex.def Info: Rp20_1e.pdf  used on input line 11. on input line 11.
Package pdftex.def Info: Requested size: 483.69592pt x 682.8645pt on input line
 11.
(Rp20_1e.pax)
File: Rp20_1e.pdf Graphic file (type pdf)
<use Rp20_1e.pdf>
Package pdftex.def Info: Rp20_1e.pdf  used on input line 11. on input line 11.
Package pdftex.def Info: Requested size: 483.69592pt x 682.8645pt on input line
 11.
 (Rp20_1e.pax)
<Rp20_1e.pdf, id=4, page=1, pagebox=cropbox, 483.6971pt x 682.86618pt>
File: Rp20_1e.pdf Graphic file (type pdf)
<use Rp20_1e.pdf, page 1>
Package pdftex.def Info: Rp20_1e.pdf , page1 used on input line 11. on input li
ne 11.
Package pdftex.def Info: Requested size: 483.69592pt x 682.8645pt on input line
 11.
 (Rp20_1e.pax)
File: Rp20_1e.pdf Graphic file (type pdf)
<use Rp20_1e.pdf, page 1>
Package pdftex.def Info: Rp20_1e.pdf , page1 used on input line 11. on input li
ne 11.
Package pdftex.def Info: Requested size: 483.69592pt x 682.8645pt on input line
 11.
 (Rp20_1e.pax)
File: Rp20_1e.pdf Graphic file (type pdf)
<use Rp20_1e.pdf, page 1>
Package pdftex.def Info: Rp20_1e.pdf , page1 used on input line 11. on input li
ne 11.
Package pdftex.def Info: Requested size: 483.69592pt x 682.8645pt on input line
 11.
 (Rp20_1e.pax)
<Rp20_1e.pdf, id=5, page=2, pagebox=cropbox, 483.6971pt x 682.86618pt>
File: Rp20_1e.pdf Graphic file (type pdf)
<use Rp20_1e.pdf, page 2>
Package pdftex.def Info: Rp20_1e.pdf , page2 used on input line 11. on input li
ne 11.
Package pdftex.def Info: Requested size: 483.69592pt x 682.8645pt on input line
 11.

(Rp20_1e.pax)
File: Rp20_1e.pdf Graphic file (type pdf)
<use Rp20_1e.pdf, page 2>
Package pdftex.def Info: Rp20_1e.pdf , page2 used on input line 11. on input li
ne 11.
Package pdftex.def Info: Requested size: 483.69592pt x 682.8645pt on input line
 11.
 (Rp20_1e.pax)
File: Rp20_1e.pdf Graphic file (type pdf)
<use Rp20_1e.pdf, page 1>
Package pdftex.def Info: Rp20_1e.pdf , page1 used on input line 11. on input li
ne 11.
Package pdftex.def Info: Requested size: 483.69592pt x 682.8645pt on input line
 11.
 (Rp20_1e.pax)
File: Rp20_1e.pdf Graphic file (type pdf)
<use Rp20_1e.pdf, page 2>
Package pdftex.def Info: Rp20_1e.pdf , page2 used on input line 11. on input li
ne 11.
Package pdftex.def Info: Requested size: 483.69592pt x 682.8645pt on input line
 11.
 (Rp20_1e.pax) [1{C:/Users/nitin/AppData/Local/MiKTeX/2.9/pdftex/config/pdftex.
map}

 <./Rp20_1e.pdf> <./Rp20_1e.pdf>]
<Rp20_1e.pdf, id=23, page=3, pagebox=cropbox, 483.6971pt x 682.86618pt>
File: Rp20_1e.pdf Graphic file (type pdf)
<use Rp20_1e.pdf, page 3>
Package pdftex.def Info: Rp20_1e.pdf , page3 used on input line 11. on input li
ne 11.
Package pdftex.def Info: Requested size: 483.69592pt x 682.8645pt on input line
 11.

(Rp20_1e.pax)
File: Rp20_1e.pdf Graphic file (type pdf)
<use Rp20_1e.pdf, page 3>
Package pdftex.def Info: Rp20_1e.pdf , page3 used on input line 11. on input li
ne 11.
Package pdftex.def Info: Requested size: 483.69592pt x 682.8645pt on input line
 11.
 (Rp20_1e.pax)
<Rp20_1e.pdf, id=62, page=4, pagebox=cropbox, 483.6971pt x 682.86618pt>
File: Rp20_1e.pdf Graphic file (type pdf)
<use Rp20_1e.pdf, page 4>
Package pdftex.def Info: Rp20_1e.pdf , page4 used on input line 11. on input li
ne 11.
Package pdftex.def Info: Requested size: 483.69592pt x 682.8645pt on input line
 11.
 (Rp20_1e.pax)
File: Rp20_1e.pdf Graphic file (type pdf)
<use Rp20_1e.pdf, page 4>
Package pdftex.def Info: Rp20_1e.pdf , page4 used on input line 11. on input li
ne 11.
Package pdftex.def Info: Requested size: 483.69592pt x 682.8645pt on input line
 11.
 (Rp20_1e.pax)
File: Rp20_1e.pdf Graphic file (type pdf)
<use Rp20_1e.pdf, page 3>
Package pdftex.def Info: Rp20_1e.pdf , page3 used on input line 11. on input li
ne 11.
Package pdftex.def Info: Requested size: 483.69592pt x 682.8645pt on input line
 11.
 (Rp20_1e.pax)
File: Rp20_1e.pdf Graphic file (type pdf)
<use Rp20_1e.pdf, page 4>
Package pdftex.def Info: Rp20_1e.pdf , page4 used on input line 11. on input li
ne 11.
Package pdftex.def Info: Requested size: 483.69592pt x 682.8645pt on input line
 11.

(Rp20_1e.pax) [2 <./Rp20_1e.pdf> <./Rp20_1e.pdf>]
<Rp20_1e.pdf, id=161, page=5, pagebox=cropbox, 483.6971pt x 682.86618pt>
File: Rp20_1e.pdf Graphic file (type pdf)
<use Rp20_1e.pdf, page 5>
Package pdftex.def Info: Rp20_1e.pdf , page5 used on input line 11. on input li
ne 11.
Package pdftex.def Info: Requested size: 483.69592pt x 682.8645pt on input line
 11.
 (Rp20_1e.pax)
File: Rp20_1e.pdf Graphic file (type pdf)
<use Rp20_1e.pdf, page 5>
Package pdftex.def Info: Rp20_1e.pdf , page5 used on input line 11. on input li
ne 11.
Package pdftex.def Info: Requested size: 483.69592pt x 682.8645pt on input line
 11.
 (Rp20_1e.pax)
<Rp20_1e.pdf, id=162, page=6, pagebox=cropbox, 483.6971pt x 682.86618pt>
File: Rp20_1e.pdf Graphic file (type pdf)
<use Rp20_1e.pdf, page 6>
Package pdftex.def Info: Rp20_1e.pdf , page6 used on input line 11. on input li
ne 11.
Package pdftex.def Info: Requested size: 483.69592pt x 682.8645pt on input line
 11.

(Rp20_1e.pax)
File: Rp20_1e.pdf Graphic file (type pdf)
<use Rp20_1e.pdf, page 6>
Package pdftex.def Info: Rp20_1e.pdf , page6 used on input line 11. on input li
ne 11.
Package pdftex.def Info: Requested size: 483.69592pt x 682.8645pt on input line
 11.
 (Rp20_1e.pax)
File: Rp20_1e.pdf Graphic file (type pdf)
<use Rp20_1e.pdf, page 5>
Package pdftex.def Info: Rp20_1e.pdf , page5 used on input line 11. on input li
ne 11.
Package pdftex.def Info: Requested size: 483.69592pt x 682.8645pt on input line
 11.
 (Rp20_1e.pax)
File: Rp20_1e.pdf Graphic file (type pdf)
<use Rp20_1e.pdf, page 6>
Package pdftex.def Info: Rp20_1e.pdf , page6 used on input line 11. on input li
ne 11.
Package pdftex.def Info: Requested size: 483.69592pt x 682.8645pt on input line
 11.
 (Rp20_1e.pax) [3 <./Rp20_1e.pdf> <./Rp20_1e.pdf>]
<Rp20_1e.pdf, id=166, page=7, pagebox=cropbox, 483.6971pt x 682.86618pt>
File: Rp20_1e.pdf Graphic file (type pdf)
<use Rp20_1e.pdf, page 7>
Package pdftex.def Info: Rp20_1e.pdf , page7 used on input line 11. on input li
ne 11.
Package pdftex.def Info: Requested size: 483.69592pt x 682.8645pt on input line
 11.
 (Rp20_1e.pax)
File: Rp20_1e.pdf Graphic file (type pdf)
<use Rp20_1e.pdf, page 7>
Package pdftex.def Info: Rp20_1e.pdf , page7 used on input line 11. on input li
ne 11.
Package pdftex.def Info: Requested size: 483.69592pt x 682.8645pt on input line
 11.
 (Rp20_1e.pax)
<Rp20_1e.pdf, id=167, page=8, pagebox=cropbox, 483.6971pt x 682.86618pt>
File: Rp20_1e.pdf Graphic file (type pdf)
<use Rp20_1e.pdf, page 8>
Package pdftex.def Info: Rp20_1e.pdf , page8 used on input line 11. on input li
ne 11.
Package pdftex.def Info: Requested size: 483.69592pt x 682.8645pt on input line
 11.
 (Rp20_1e.pax)
File: Rp20_1e.pdf Graphic file (type pdf)
<use Rp20_1e.pdf, page 8>
Package pdftex.def Info: Rp20_1e.pdf , page8 used on input line 11. on input li
ne 11.
Package pdftex.def Info: Requested size: 483.69592pt x 682.8645pt on input line
 11.
 (Rp20_1e.pax)
File: Rp20_1e.pdf Graphic file (type pdf)
<use Rp20_1e.pdf, page 7>
Package pdftex.def Info: Rp20_1e.pdf , page7 used on input line 11. on input li
ne 11.
Package pdftex.def Info: Requested size: 483.69592pt x 682.8645pt on input line
 11.

(Rp20_1e.pax)
File: Rp20_1e.pdf Graphic file (type pdf)
<use Rp20_1e.pdf, page 8>
Package pdftex.def Info: Rp20_1e.pdf , page8 used on input line 11. on input li
ne 11.
Package pdftex.def Info: Requested size: 483.69592pt x 682.8645pt on input line
 11.
 (Rp20_1e.pax) [4 <./Rp20_1e.pdf> <./Rp20_1e.pdf>]
<Rp20_1e.pdf, id=186, page=9, pagebox=cropbox, 483.6971pt x 682.86618pt>
File: Rp20_1e.pdf Graphic file (type pdf)
<use Rp20_1e.pdf, page 9>
Package pdftex.def Info: Rp20_1e.pdf , page9 used on input line 11. on input li
ne 11.
Package pdftex.def Info: Requested size: 483.69592pt x 682.8645pt on input line
 11.
 (Rp20_1e.pax)
File: Rp20_1e.pdf Graphic file (type pdf)
<use Rp20_1e.pdf, page 9>
Package pdftex.def Info: Rp20_1e.pdf , page9 used on input line 11. on input li
ne 11.
Package pdftex.def Info: Requested size: 483.69592pt x 682.8645pt on input line
 11.

(Rp20_1e.pax)
<Rp20_1e.pdf, id=187, page=10, pagebox=cropbox, 483.6971pt x 682.86618pt>
File: Rp20_1e.pdf Graphic file (type pdf)
<use Rp20_1e.pdf, page 10>
Package pdftex.def Info: Rp20_1e.pdf , page10 used on input line 11. on input l
ine 11.
Package pdftex.def Info: Requested size: 483.69592pt x 682.8645pt on input line
 11.
 (Rp20_1e.pax)
File: Rp20_1e.pdf Graphic file (type pdf)
<use Rp20_1e.pdf, page 10>
Package pdftex.def Info: Rp20_1e.pdf , page10 used on input line 11. on input l
ine 11.
Package pdftex.def Info: Requested size: 483.69592pt x 682.8645pt on input line
 11.
 (Rp20_1e.pax)
File: Rp20_1e.pdf Graphic file (type pdf)
<use Rp20_1e.pdf, page 9>
Package pdftex.def Info: Rp20_1e.pdf , page9 used on input line 11. on input li
ne 11.
Package pdftex.def Info: Requested size: 483.69592pt x 682.8645pt on input line
 11.
 (Rp20_1e.pax)
File: Rp20_1e.pdf Graphic file (type pdf)
<use Rp20_1e.pdf, page 10>
Package pdftex.def Info: Rp20_1e.pdf , page10 used on input line 11. on input l
ine 11.
Package pdftex.def Info: Requested size: 483.69592pt x 682.8645pt on input line
 11.
 (Rp20_1e.pax) [5 <./Rp20_1e.pdf> <./Rp20_1e.pdf>]
<Rp20_1e.pdf, id=191, page=11, pagebox=cropbox, 483.6971pt x 682.86618pt>
File: Rp20_1e.pdf Graphic file (type pdf)
<use Rp20_1e.pdf, page 11>
Package pdftex.def Info: Rp20_1e.pdf , page11 used on input line 11. on input l
ine 11.
Package pdftex.def Info: Requested size: 483.69592pt x 682.8645pt on input line
 11.
 (Rp20_1e.pax)
File: Rp20_1e.pdf Graphic file (type pdf)
<use Rp20_1e.pdf, page 11>
Package pdftex.def Info: Rp20_1e.pdf , page11 used on input line 11. on input l
ine 11.
Package pdftex.def Info: Requested size: 483.69592pt x 682.8645pt on input line
 11.
 (Rp20_1e.pax)
<Rp20_1e.pdf, id=192, page=12, pagebox=cropbox, 483.6971pt x 682.86618pt>
File: Rp20_1e.pdf Graphic file (type pdf)
<use Rp20_1e.pdf, page 12>
Package pdftex.def Info: Rp20_1e.pdf , page12 used on input line 11. on input l
ine 11.
Package pdftex.def Info: Requested size: 483.69592pt x 682.8645pt on input line
 11.
 (Rp20_1e.pax)
File: Rp20_1e.pdf Graphic file (type pdf)
<use Rp20_1e.pdf, page 12>
Package pdftex.def Info: Rp20_1e.pdf , page12 used on input line 11. on input l
ine 11.
Package pdftex.def Info: Requested size: 483.69592pt x 682.8645pt on input line
 11.

(Rp20_1e.pax)
File: Rp20_1e.pdf Graphic file (type pdf)
<use Rp20_1e.pdf, page 11>
Package pdftex.def Info: Rp20_1e.pdf , page11 used on input line 11. on input l
ine 11.
Package pdftex.def Info: Requested size: 483.69592pt x 682.8645pt on input line
 11.
 (Rp20_1e.pax)
File: Rp20_1e.pdf Graphic file (type pdf)
<use Rp20_1e.pdf, page 12>
Package pdftex.def Info: Rp20_1e.pdf , page12 used on input line 11. on input l
ine 11.
Package pdftex.def Info: Requested size: 483.69592pt x 682.8645pt on input line
 11.
 (Rp20_1e.pax) [6 <./Rp20_1e.pdf> <./Rp20_1e.pdf>]
<Rp20_1e.pdf, id=201, page=13, pagebox=cropbox, 483.6971pt x 682.86618pt>
File: Rp20_1e.pdf Graphic file (type pdf)
<use Rp20_1e.pdf, page 13>
Package pdftex.def Info: Rp20_1e.pdf , page13 used on input line 11. on input l
ine 11.
Package pdftex.def Info: Requested size: 483.69592pt x 682.8645pt on input line
 11.

(Rp20_1e.pax)
File: Rp20_1e.pdf Graphic file (type pdf)
<use Rp20_1e.pdf, page 13>
Package pdftex.def Info: Rp20_1e.pdf , page13 used on input line 11. on input l
ine 11.
Package pdftex.def Info: Requested size: 483.69592pt x 682.8645pt on input line
 11.
 (Rp20_1e.pax)
<Rp20_1e.pdf, id=202, page=14, pagebox=cropbox, 483.6971pt x 682.86618pt>
File: Rp20_1e.pdf Graphic file (type pdf)
<use Rp20_1e.pdf, page 14>
Package pdftex.def Info: Rp20_1e.pdf , page14 used on input line 11. on input l
ine 11.
Package pdftex.def Info: Requested size: 483.69592pt x 682.8645pt on input line
 11.
 (Rp20_1e.pax)
File: Rp20_1e.pdf Graphic file (type pdf)
<use Rp20_1e.pdf, page 14>
Package pdftex.def Info: Rp20_1e.pdf , page14 used on input line 11. on input l
ine 11.
Package pdftex.def Info: Requested size: 483.69592pt x 682.8645pt on input line
 11.
 (Rp20_1e.pax)
File: Rp20_1e.pdf Graphic file (type pdf)
<use Rp20_1e.pdf, page 13>
Package pdftex.def Info: Rp20_1e.pdf , page13 used on input line 11. on input l
ine 11.
Package pdftex.def Info: Requested size: 483.69592pt x 682.8645pt on input line
 11.
 (Rp20_1e.pax)
File: Rp20_1e.pdf Graphic file (type pdf)
<use Rp20_1e.pdf, page 14>
Package pdftex.def Info: Rp20_1e.pdf , page14 used on input line 11. on input l
ine 11.
Package pdftex.def Info: Requested size: 483.69592pt x 682.8645pt on input line
 11.

(Rp20_1e.pax) [7 <./Rp20_1e.pdf> <./Rp20_1e.pdf>]
<Rp20_1e.pdf, id=207, page=15, pagebox=cropbox, 483.6971pt x 682.86618pt>
File: Rp20_1e.pdf Graphic file (type pdf)
<use Rp20_1e.pdf, page 15>
Package pdftex.def Info: Rp20_1e.pdf , page15 used on input line 11. on input l
ine 11.
Package pdftex.def Info: Requested size: 483.69592pt x 682.8645pt on input line
 11.
 (Rp20_1e.pax)
File: Rp20_1e.pdf Graphic file (type pdf)
<use Rp20_1e.pdf, page 15>
Package pdftex.def Info: Rp20_1e.pdf , page15 used on input line 11. on input l
ine 11.
Package pdftex.def Info: Requested size: 483.69592pt x 682.8645pt on input line
 11.
 (Rp20_1e.pax)
<Rp20_1e.pdf, id=208, page=16, pagebox=cropbox, 483.6971pt x 682.86618pt>
File: Rp20_1e.pdf Graphic file (type pdf)
<use Rp20_1e.pdf, page 16>
Package pdftex.def Info: Rp20_1e.pdf , page16 used on input line 11. on input l
ine 11.
Package pdftex.def Info: Requested size: 483.69592pt x 682.8645pt on input line
 11.

(Rp20_1e.pax)
File: Rp20_1e.pdf Graphic file (type pdf)
<use Rp20_1e.pdf, page 16>
Package pdftex.def Info: Rp20_1e.pdf , page16 used on input line 11. on input l
ine 11.
Package pdftex.def Info: Requested size: 483.69592pt x 682.8645pt on input line
 11.
 (Rp20_1e.pax)
File: Rp20_1e.pdf Graphic file (type pdf)
<use Rp20_1e.pdf, page 15>
Package pdftex.def Info: Rp20_1e.pdf , page15 used on input line 11. on input l
ine 11.
Package pdftex.def Info: Requested size: 483.69592pt x 682.8645pt on input line
 11.
 (Rp20_1e.pax)
File: Rp20_1e.pdf Graphic file (type pdf)
<use Rp20_1e.pdf, page 16>
Package pdftex.def Info: Rp20_1e.pdf , page16 used on input line 11. on input l
ine 11.
Package pdftex.def Info: Requested size: 483.69592pt x 682.8645pt on input line
 11.
 (Rp20_1e.pax) [8 <./Rp20_1e.pdf> <./Rp20_1e.pdf>]
<Rp20_1e.pdf, id=212, page=17, pagebox=cropbox, 483.6971pt x 682.86618pt>
File: Rp20_1e.pdf Graphic file (type pdf)
<use Rp20_1e.pdf, page 17>
Package pdftex.def Info: Rp20_1e.pdf , page17 used on input line 11. on input l
ine 11.
Package pdftex.def Info: Requested size: 483.69592pt x 682.8645pt on input line
 11.
 (Rp20_1e.pax)
File: Rp20_1e.pdf Graphic file (type pdf)
<use Rp20_1e.pdf, page 17>
Package pdftex.def Info: Rp20_1e.pdf , page17 used on input line 11. on input l
ine 11.
Package pdftex.def Info: Requested size: 483.69592pt x 682.8645pt on input line
 11.
 (Rp20_1e.pax)
<Rp20_1e.pdf, id=213, page=18, pagebox=cropbox, 483.6971pt x 682.86618pt>
File: Rp20_1e.pdf Graphic file (type pdf)
<use Rp20_1e.pdf, page 18>
Package pdftex.def Info: Rp20_1e.pdf , page18 used on input line 11. on input l
ine 11.
Package pdftex.def Info: Requested size: 483.69592pt x 682.8645pt on input line
 11.
 (Rp20_1e.pax)
File: Rp20_1e.pdf Graphic file (type pdf)
<use Rp20_1e.pdf, page 18>
Package pdftex.def Info: Rp20_1e.pdf , page18 used on input line 11. on input l
ine 11.
Package pdftex.def Info: Requested size: 483.69592pt x 682.8645pt on input line
 11.
 (Rp20_1e.pax)
File: Rp20_1e.pdf Graphic file (type pdf)
<use Rp20_1e.pdf, page 17>
Package pdftex.def Info: Rp20_1e.pdf , page17 used on input line 11. on input l
ine 11.
Package pdftex.def Info: Requested size: 483.69592pt x 682.8645pt on input line
 11.

(Rp20_1e.pax)
File: Rp20_1e.pdf Graphic file (type pdf)
<use Rp20_1e.pdf, page 18>
Package pdftex.def Info: Rp20_1e.pdf , page18 used on input line 11. on input l
ine 11.
Package pdftex.def Info: Requested size: 483.69592pt x 682.8645pt on input line
 11.
 (Rp20_1e.pax) [9 <./Rp20_1e.pdf> <./Rp20_1e.pdf>]
<Rp20_1e.pdf, id=217, page=19, pagebox=cropbox, 483.6971pt x 682.86618pt>
File: Rp20_1e.pdf Graphic file (type pdf)
<use Rp20_1e.pdf, page 19>
Package pdftex.def Info: Rp20_1e.pdf , page19 used on input line 11. on input l
ine 11.
Package pdftex.def Info: Requested size: 483.69592pt x 682.8645pt on input line
 11.
 (Rp20_1e.pax)
File: Rp20_1e.pdf Graphic file (type pdf)
<use Rp20_1e.pdf, page 19>
Package pdftex.def Info: Rp20_1e.pdf , page19 used on input line 11. on input l
ine 11.
Package pdftex.def Info: Requested size: 483.69592pt x 682.8645pt on input line
 11.

(Rp20_1e.pax)
<Rp20_1e.pdf, id=218, page=20, pagebox=cropbox, 483.6971pt x 682.86618pt>
File: Rp20_1e.pdf Graphic file (type pdf)
<use Rp20_1e.pdf, page 20>
Package pdftex.def Info: Rp20_1e.pdf , page20 used on input line 11. on input l
ine 11.
Package pdftex.def Info: Requested size: 483.69592pt x 682.8645pt on input line
 11.
 (Rp20_1e.pax)
File: Rp20_1e.pdf Graphic file (type pdf)
<use Rp20_1e.pdf, page 20>
Package pdftex.def Info: Rp20_1e.pdf , page20 used on input line 11. on input l
ine 11.
Package pdftex.def Info: Requested size: 483.69592pt x 682.8645pt on input line
 11.
 (Rp20_1e.pax)
File: Rp20_1e.pdf Graphic file (type pdf)
<use Rp20_1e.pdf, page 19>
Package pdftex.def Info: Rp20_1e.pdf , page19 used on input line 11. on input l
ine 11.
Package pdftex.def Info: Requested size: 483.69592pt x 682.8645pt on input line
 11.
 (Rp20_1e.pax)
File: Rp20_1e.pdf Graphic file (type pdf)
<use Rp20_1e.pdf, page 20>
Package pdftex.def Info: Rp20_1e.pdf , page20 used on input line 11. on input l
ine 11.
Package pdftex.def Info: Requested size: 483.69592pt x 682.8645pt on input line
 11.
 (Rp20_1e.pax) [10 <./Rp20_1e.pdf> <./Rp20_1e.pdf>]
<Rp20_1e.pdf, id=227, page=21, pagebox=cropbox, 483.6971pt x 682.86618pt>
File: Rp20_1e.pdf Graphic file (type pdf)
<use Rp20_1e.pdf, page 21>
Package pdftex.def Info: Rp20_1e.pdf , page21 used on input line 11. on input l
ine 11.
Package pdftex.def Info: Requested size: 483.69592pt x 682.8645pt on input line
 11.
 (Rp20_1e.pax)
File: Rp20_1e.pdf Graphic file (type pdf)
<use Rp20_1e.pdf, page 21>
Package pdftex.def Info: Rp20_1e.pdf , page21 used on input line 11. on input l
ine 11.
Package pdftex.def Info: Requested size: 483.69592pt x 682.8645pt on input line
 11.
 (Rp20_1e.pax)
<Rp20_1e.pdf, id=228, page=22, pagebox=cropbox, 483.6971pt x 682.86618pt>
File: Rp20_1e.pdf Graphic file (type pdf)
<use Rp20_1e.pdf, page 22>
Package pdftex.def Info: Rp20_1e.pdf , page22 used on input line 11. on input l
ine 11.
Package pdftex.def Info: Requested size: 483.69592pt x 682.8645pt on input line
 11.
 (Rp20_1e.pax)
File: Rp20_1e.pdf Graphic file (type pdf)
<use Rp20_1e.pdf, page 22>
Package pdftex.def Info: Rp20_1e.pdf , page22 used on input line 11. on input l
ine 11.
Package pdftex.def Info: Requested size: 483.69592pt x 682.8645pt on input line
 11.

(Rp20_1e.pax)
File: Rp20_1e.pdf Graphic file (type pdf)
<use Rp20_1e.pdf, page 21>
Package pdftex.def Info: Rp20_1e.pdf , page21 used on input line 11. on input l
ine 11.
Package pdftex.def Info: Requested size: 483.69592pt x 682.8645pt on input line
 11.
 (Rp20_1e.pax)
File: Rp20_1e.pdf Graphic file (type pdf)
<use Rp20_1e.pdf, page 22>
Package pdftex.def Info: Rp20_1e.pdf , page22 used on input line 11. on input l
ine 11.
Package pdftex.def Info: Requested size: 483.69592pt x 682.8645pt on input line
 11.
 (Rp20_1e.pax) [11 <./Rp20_1e.pdf> <./Rp20_1e.pdf>]
<Rp20_1e.pdf, id=232, page=23, pagebox=cropbox, 483.6971pt x 682.86618pt>
File: Rp20_1e.pdf Graphic file (type pdf)
<use Rp20_1e.pdf, page 23>
Package pdftex.def Info: Rp20_1e.pdf , page23 used on input line 11. on input l
ine 11.
Package pdftex.def Info: Requested size: 483.69592pt x 682.8645pt on input line
 11.

(Rp20_1e.pax)
File: Rp20_1e.pdf Graphic file (type pdf)
<use Rp20_1e.pdf, page 23>
Package pdftex.def Info: Rp20_1e.pdf , page23 used on input line 11. on input l
ine 11.
Package pdftex.def Info: Requested size: 483.69592pt x 682.8645pt on input line
 11.
 (Rp20_1e.pax)
<Rp20_1e.pdf, id=233, page=24, pagebox=cropbox, 483.6971pt x 682.86618pt>
File: Rp20_1e.pdf Graphic file (type pdf)
<use Rp20_1e.pdf, page 24>
Package pdftex.def Info: Rp20_1e.pdf , page24 used on input line 11. on input l
ine 11.
Package pdftex.def Info: Requested size: 483.69592pt x 682.8645pt on input line
 11.
 (Rp20_1e.pax)
File: Rp20_1e.pdf Graphic file (type pdf)
<use Rp20_1e.pdf, page 24>
Package pdftex.def Info: Rp20_1e.pdf , page24 used on input line 11. on input l
ine 11.
Package pdftex.def Info: Requested size: 483.69592pt x 682.8645pt on input line
 11.
 (Rp20_1e.pax)
File: Rp20_1e.pdf Graphic file (type pdf)
<use Rp20_1e.pdf, page 23>
Package pdftex.def Info: Rp20_1e.pdf , page23 used on input line 11. on input l
ine 11.
Package pdftex.def Info: Requested size: 483.69592pt x 682.8645pt on input line
 11.
 (Rp20_1e.pax)
File: Rp20_1e.pdf Graphic file (type pdf)
<use Rp20_1e.pdf, page 24>
Package pdftex.def Info: Rp20_1e.pdf , page24 used on input line 11. on input l
ine 11.
Package pdftex.def Info: Requested size: 483.69592pt x 682.8645pt on input line
 11.

(Rp20_1e.pax) [12 <./Rp20_1e.pdf> <./Rp20_1e.pdf>]
<Rp20_1e.pdf, id=237, page=25, pagebox=cropbox, 483.6971pt x 682.86618pt>
File: Rp20_1e.pdf Graphic file (type pdf)
<use Rp20_1e.pdf, page 25>
Package pdftex.def Info: Rp20_1e.pdf , page25 used on input line 11. on input l
ine 11.
Package pdftex.def Info: Requested size: 483.69592pt x 682.8645pt on input line
 11.
 (Rp20_1e.pax)
File: Rp20_1e.pdf Graphic file (type pdf)
<use Rp20_1e.pdf, page 25>
Package pdftex.def Info: Rp20_1e.pdf , page25 used on input line 11. on input l
ine 11.
Package pdftex.def Info: Requested size: 483.69592pt x 682.8645pt on input line
 11.
 (Rp20_1e.pax)
<Rp20_1e.pdf, id=238, page=26, pagebox=cropbox, 483.6971pt x 682.86618pt>
File: Rp20_1e.pdf Graphic file (type pdf)
<use Rp20_1e.pdf, page 26>
Package pdftex.def Info: Rp20_1e.pdf , page26 used on input line 11. on input l
ine 11.
Package pdftex.def Info: Requested size: 483.69592pt x 682.8645pt on input line
 11.

(Rp20_1e.pax)
File: Rp20_1e.pdf Graphic file (type pdf)
<use Rp20_1e.pdf, page 26>
Package pdftex.def Info: Rp20_1e.pdf , page26 used on input line 11. on input l
ine 11.
Package pdftex.def Info: Requested size: 483.69592pt x 682.8645pt on input line
 11.
 (Rp20_1e.pax)
File: Rp20_1e.pdf Graphic file (type pdf)
<use Rp20_1e.pdf, page 25>
Package pdftex.def Info: Rp20_1e.pdf , page25 used on input line 11. on input l
ine 11.
Package pdftex.def Info: Requested size: 483.69592pt x 682.8645pt on input line
 11.
 (Rp20_1e.pax)
File: Rp20_1e.pdf Graphic file (type pdf)
<use Rp20_1e.pdf, page 26>
Package pdftex.def Info: Rp20_1e.pdf , page26 used on input line 11. on input l
ine 11.
Package pdftex.def Info: Requested size: 483.69592pt x 682.8645pt on input line
 11.
 (Rp20_1e.pax) [13 <./Rp20_1e.pdf> <./Rp20_1e.pdf>]
<Rp20_1e.pdf, id=243, page=27, pagebox=cropbox, 483.6971pt x 682.86618pt>
File: Rp20_1e.pdf Graphic file (type pdf)
<use Rp20_1e.pdf, page 27>
Package pdftex.def Info: Rp20_1e.pdf , page27 used on input line 11. on input l
ine 11.
Package pdftex.def Info: Requested size: 483.69592pt x 682.8645pt on input line
 11.
 (Rp20_1e.pax)
File: Rp20_1e.pdf Graphic file (type pdf)
<use Rp20_1e.pdf, page 27>
Package pdftex.def Info: Rp20_1e.pdf , page27 used on input line 11. on input l
ine 11.
Package pdftex.def Info: Requested size: 483.69592pt x 682.8645pt on input line
 11.
 (Rp20_1e.pax)
<Rp20_1e.pdf, id=244, page=28, pagebox=cropbox, 483.6971pt x 682.86618pt>
File: Rp20_1e.pdf Graphic file (type pdf)
<use Rp20_1e.pdf, page 28>
Package pdftex.def Info: Rp20_1e.pdf , page28 used on input line 11. on input l
ine 11.
Package pdftex.def Info: Requested size: 483.69592pt x 682.8645pt on input line
 11.
 (Rp20_1e.pax)
File: Rp20_1e.pdf Graphic file (type pdf)
<use Rp20_1e.pdf, page 28>
Package pdftex.def Info: Rp20_1e.pdf , page28 used on input line 11. on input l
ine 11.
Package pdftex.def Info: Requested size: 483.69592pt x 682.8645pt on input line
 11.
 (Rp20_1e.pax)
File: Rp20_1e.pdf Graphic file (type pdf)
<use Rp20_1e.pdf, page 27>
Package pdftex.def Info: Rp20_1e.pdf , page27 used on input line 11. on input l
ine 11.
Package pdftex.def Info: Requested size: 483.69592pt x 682.8645pt on input line
 11.

(Rp20_1e.pax)
File: Rp20_1e.pdf Graphic file (type pdf)
<use Rp20_1e.pdf, page 28>
Package pdftex.def Info: Rp20_1e.pdf , page28 used on input line 11. on input l
ine 11.
Package pdftex.def Info: Requested size: 483.69592pt x 682.8645pt on input line
 11.
 (Rp20_1e.pax) [14 <./Rp20_1e.pdf> <./Rp20_1e.pdf>]
<Rp20_1e.pdf, id=248, page=29, pagebox=cropbox, 483.6971pt x 682.86618pt>
File: Rp20_1e.pdf Graphic file (type pdf)
<use Rp20_1e.pdf, page 29>
Package pdftex.def Info: Rp20_1e.pdf , page29 used on input line 11. on input l
ine 11.
Package pdftex.def Info: Requested size: 483.69592pt x 682.8645pt on input line
 11.
 (Rp20_1e.pax)
File: Rp20_1e.pdf Graphic file (type pdf)
<use Rp20_1e.pdf, page 29>
Package pdftex.def Info: Rp20_1e.pdf , page29 used on input line 11. on input l
ine 11.
Package pdftex.def Info: Requested size: 483.69592pt x 682.8645pt on input line
 11.

(Rp20_1e.pax)
<Rp20_1e.pdf, id=249, page=30, pagebox=cropbox, 483.6971pt x 682.86618pt>
File: Rp20_1e.pdf Graphic file (type pdf)
<use Rp20_1e.pdf, page 30>
Package pdftex.def Info: Rp20_1e.pdf , page30 used on input line 11. on input l
ine 11.
Package pdftex.def Info: Requested size: 483.69592pt x 682.8645pt on input line
 11.
 (Rp20_1e.pax)
File: Rp20_1e.pdf Graphic file (type pdf)
<use Rp20_1e.pdf, page 30>
Package pdftex.def Info: Rp20_1e.pdf , page30 used on input line 11. on input l
ine 11.
Package pdftex.def Info: Requested size: 483.69592pt x 682.8645pt on input line
 11.
 (Rp20_1e.pax)
File: Rp20_1e.pdf Graphic file (type pdf)
<use Rp20_1e.pdf, page 29>
Package pdftex.def Info: Rp20_1e.pdf , page29 used on input line 11. on input l
ine 11.
Package pdftex.def Info: Requested size: 483.69592pt x 682.8645pt on input line
 11.
 (Rp20_1e.pax)
File: Rp20_1e.pdf Graphic file (type pdf)
<use Rp20_1e.pdf, page 30>
Package pdftex.def Info: Rp20_1e.pdf , page30 used on input line 11. on input l
ine 11.
Package pdftex.def Info: Requested size: 483.69592pt x 682.8645pt on input line
 11.
 (Rp20_1e.pax) [15 <./Rp20_1e.pdf> <./Rp20_1e.pdf>]
<Rp20_1e.pdf, id=253, page=31, pagebox=cropbox, 483.6971pt x 682.86618pt>
File: Rp20_1e.pdf Graphic file (type pdf)
<use Rp20_1e.pdf, page 31>
Package pdftex.def Info: Rp20_1e.pdf , page31 used on input line 11. on input l
ine 11.
Package pdftex.def Info: Requested size: 483.69592pt x 682.8645pt on input line
 11.
 (Rp20_1e.pax)
File: Rp20_1e.pdf Graphic file (type pdf)
<use Rp20_1e.pdf, page 31>
Package pdftex.def Info: Rp20_1e.pdf , page31 used on input line 11. on input l
ine 11.
Package pdftex.def Info: Requested size: 483.69592pt x 682.8645pt on input line
 11.
 (Rp20_1e.pax)
<Rp20_1e.pdf, id=254, page=32, pagebox=cropbox, 483.6971pt x 682.86618pt>
File: Rp20_1e.pdf Graphic file (type pdf)
<use Rp20_1e.pdf, page 32>
Package pdftex.def Info: Rp20_1e.pdf , page32 used on input line 11. on input l
ine 11.
Package pdftex.def Info: Requested size: 483.69592pt x 682.8645pt on input line
 11.
 (Rp20_1e.pax)
File: Rp20_1e.pdf Graphic file (type pdf)
<use Rp20_1e.pdf, page 32>
Package pdftex.def Info: Rp20_1e.pdf , page32 used on input line 11. on input l
ine 11.
Package pdftex.def Info: Requested size: 483.69592pt x 682.8645pt on input line
 11.

(Rp20_1e.pax)
File: Rp20_1e.pdf Graphic file (type pdf)
<use Rp20_1e.pdf, page 31>
Package pdftex.def Info: Rp20_1e.pdf , page31 used on input line 11. on input l
ine 11.
Package pdftex.def Info: Requested size: 483.69592pt x 682.8645pt on input line
 11.
 (Rp20_1e.pax)
File: Rp20_1e.pdf Graphic file (type pdf)
<use Rp20_1e.pdf, page 32>
Package pdftex.def Info: Rp20_1e.pdf , page32 used on input line 11. on input l
ine 11.
Package pdftex.def Info: Requested size: 483.69592pt x 682.8645pt on input line
 11.
 (Rp20_1e.pax) [16 <./Rp20_1e.pdf> <./Rp20_1e.pdf>]
<Rp20_1e.pdf, id=258, page=33, pagebox=cropbox, 483.6971pt x 682.86618pt>
File: Rp20_1e.pdf Graphic file (type pdf)
<use Rp20_1e.pdf, page 33>
Package pdftex.def Info: Rp20_1e.pdf , page33 used on input line 11. on input l
ine 11.
Package pdftex.def Info: Requested size: 483.69592pt x 682.8645pt on input line
 11.

(Rp20_1e.pax)
File: Rp20_1e.pdf Graphic file (type pdf)
<use Rp20_1e.pdf, page 33>
Package pdftex.def Info: Rp20_1e.pdf , page33 used on input line 11. on input l
ine 11.
Package pdftex.def Info: Requested size: 483.69592pt x 682.8645pt on input line
 11.
 (Rp20_1e.pax)
<Rp20_1e.pdf, id=259, page=34, pagebox=cropbox, 483.6971pt x 682.86618pt>
File: Rp20_1e.pdf Graphic file (type pdf)
<use Rp20_1e.pdf, page 34>
Package pdftex.def Info: Rp20_1e.pdf , page34 used on input line 11. on input l
ine 11.
Package pdftex.def Info: Requested size: 483.69592pt x 682.8645pt on input line
 11.
 (Rp20_1e.pax)
File: Rp20_1e.pdf Graphic file (type pdf)
<use Rp20_1e.pdf, page 34>
Package pdftex.def Info: Rp20_1e.pdf , page34 used on input line 11. on input l
ine 11.
Package pdftex.def Info: Requested size: 483.69592pt x 682.8645pt on input line
 11.
 (Rp20_1e.pax)
File: Rp20_1e.pdf Graphic file (type pdf)
<use Rp20_1e.pdf, page 33>
Package pdftex.def Info: Rp20_1e.pdf , page33 used on input line 11. on input l
ine 11.
Package pdftex.def Info: Requested size: 483.69592pt x 682.8645pt on input line
 11.
 (Rp20_1e.pax)
File: Rp20_1e.pdf Graphic file (type pdf)
<use Rp20_1e.pdf, page 34>
Package pdftex.def Info: Rp20_1e.pdf , page34 used on input line 11. on input l
ine 11.
Package pdftex.def Info: Requested size: 483.69592pt x 682.8645pt on input line
 11.

(Rp20_1e.pax) [17 <./Rp20_1e.pdf> <./Rp20_1e.pdf>]
<Rp20_1e.pdf, id=263, page=35, pagebox=cropbox, 483.6971pt x 682.86618pt>
File: Rp20_1e.pdf Graphic file (type pdf)
<use Rp20_1e.pdf, page 35>
Package pdftex.def Info: Rp20_1e.pdf , page35 used on input line 11. on input l
ine 11.
Package pdftex.def Info: Requested size: 483.69592pt x 682.8645pt on input line
 11.
 (Rp20_1e.pax)
File: Rp20_1e.pdf Graphic file (type pdf)
<use Rp20_1e.pdf, page 35>
Package pdftex.def Info: Rp20_1e.pdf , page35 used on input line 11. on input l
ine 11.
Package pdftex.def Info: Requested size: 483.69592pt x 682.8645pt on input line
 11.
 (Rp20_1e.pax)
<Rp20_1e.pdf, id=264, page=36, pagebox=cropbox, 483.6971pt x 682.86618pt>
File: Rp20_1e.pdf Graphic file (type pdf)
<use Rp20_1e.pdf, page 36>
Package pdftex.def Info: Rp20_1e.pdf , page36 used on input line 11. on input l
ine 11.
Package pdftex.def Info: Requested size: 483.69592pt x 682.8645pt on input line
 11.

(Rp20_1e.pax)
File: Rp20_1e.pdf Graphic file (type pdf)
<use Rp20_1e.pdf, page 36>
Package pdftex.def Info: Rp20_1e.pdf , page36 used on input line 11. on input l
ine 11.
Package pdftex.def Info: Requested size: 483.69592pt x 682.8645pt on input line
 11.
 (Rp20_1e.pax)
File: Rp20_1e.pdf Graphic file (type pdf)
<use Rp20_1e.pdf, page 35>
Package pdftex.def Info: Rp20_1e.pdf , page35 used on input line 11. on input l
ine 11.
Package pdftex.def Info: Requested size: 483.69592pt x 682.8645pt on input line
 11.
 (Rp20_1e.pax)
File: Rp20_1e.pdf Graphic file (type pdf)
<use Rp20_1e.pdf, page 36>
Package pdftex.def Info: Rp20_1e.pdf , page36 used on input line 11. on input l
ine 11.
Package pdftex.def Info: Requested size: 483.69592pt x 682.8645pt on input line
 11.
 (Rp20_1e.pax) [18 <./Rp20_1e.pdf> <./Rp20_1e.pdf>]
<Rp20_1e.pdf, id=268, page=37, pagebox=cropbox, 483.6971pt x 682.86618pt>
File: Rp20_1e.pdf Graphic file (type pdf)
<use Rp20_1e.pdf, page 37>
Package pdftex.def Info: Rp20_1e.pdf , page37 used on input line 11. on input l
ine 11.
Package pdftex.def Info: Requested size: 483.69592pt x 682.8645pt on input line
 11.
 (Rp20_1e.pax)
File: Rp20_1e.pdf Graphic file (type pdf)
<use Rp20_1e.pdf, page 37>
Package pdftex.def Info: Rp20_1e.pdf , page37 used on input line 11. on input l
ine 11.
Package pdftex.def Info: Requested size: 483.69592pt x 682.8645pt on input line
 11.
 (Rp20_1e.pax)
<Rp20_1e.pdf, id=269, page=38, pagebox=cropbox, 483.6971pt x 682.86618pt>
File: Rp20_1e.pdf Graphic file (type pdf)
<use Rp20_1e.pdf, page 38>
Package pdftex.def Info: Rp20_1e.pdf , page38 used on input line 11. on input l
ine 11.
Package pdftex.def Info: Requested size: 483.69592pt x 682.8645pt on input line
 11.
 (Rp20_1e.pax)
File: Rp20_1e.pdf Graphic file (type pdf)
<use Rp20_1e.pdf, page 38>
Package pdftex.def Info: Rp20_1e.pdf , page38 used on input line 11. on input l
ine 11.
Package pdftex.def Info: Requested size: 483.69592pt x 682.8645pt on input line
 11.
 (Rp20_1e.pax)
File: Rp20_1e.pdf Graphic file (type pdf)
<use Rp20_1e.pdf, page 37>
Package pdftex.def Info: Rp20_1e.pdf , page37 used on input line 11. on input l
ine 11.
Package pdftex.def Info: Requested size: 483.69592pt x 682.8645pt on input line
 11.

(Rp20_1e.pax)
File: Rp20_1e.pdf Graphic file (type pdf)
<use Rp20_1e.pdf, page 38>
Package pdftex.def Info: Rp20_1e.pdf , page38 used on input line 11. on input l
ine 11.
Package pdftex.def Info: Requested size: 483.69592pt x 682.8645pt on input line
 11.
 (Rp20_1e.pax) [19 <./Rp20_1e.pdf> <./Rp20_1e.pdf>]
<Rp20_1e.pdf, id=280, page=39, pagebox=cropbox, 483.6971pt x 682.86618pt>
File: Rp20_1e.pdf Graphic file (type pdf)
<use Rp20_1e.pdf, page 39>
Package pdftex.def Info: Rp20_1e.pdf , page39 used on input line 11. on input l
ine 11.
Package pdftex.def Info: Requested size: 483.69592pt x 682.8645pt on input line
 11.
 (Rp20_1e.pax)
File: Rp20_1e.pdf Graphic file (type pdf)
<use Rp20_1e.pdf, page 39>
Package pdftex.def Info: Rp20_1e.pdf , page39 used on input line 11. on input l
ine 11.
Package pdftex.def Info: Requested size: 483.69592pt x 682.8645pt on input line
 11.

(Rp20_1e.pax)
<Rp20_1e.pdf, id=281, page=40, pagebox=cropbox, 483.6971pt x 682.86618pt>
File: Rp20_1e.pdf Graphic file (type pdf)
<use Rp20_1e.pdf, page 40>
Package pdftex.def Info: Rp20_1e.pdf , page40 used on input line 11. on input l
ine 11.
Package pdftex.def Info: Requested size: 483.69592pt x 682.8645pt on input line
 11.
 (Rp20_1e.pax)
File: Rp20_1e.pdf Graphic file (type pdf)
<use Rp20_1e.pdf, page 40>
Package pdftex.def Info: Rp20_1e.pdf , page40 used on input line 11. on input l
ine 11.
Package pdftex.def Info: Requested size: 483.69592pt x 682.8645pt on input line
 11.
 (Rp20_1e.pax)
File: Rp20_1e.pdf Graphic file (type pdf)
<use Rp20_1e.pdf, page 39>
Package pdftex.def Info: Rp20_1e.pdf , page39 used on input line 11. on input l
ine 11.
Package pdftex.def Info: Requested size: 483.69592pt x 682.8645pt on input line
 11.
 (Rp20_1e.pax)
File: Rp20_1e.pdf Graphic file (type pdf)
<use Rp20_1e.pdf, page 40>
Package pdftex.def Info: Rp20_1e.pdf , page40 used on input line 11. on input l
ine 11.
Package pdftex.def Info: Requested size: 483.69592pt x 682.8645pt on input line
 11.
 (Rp20_1e.pax) [20 <./Rp20_1e.pdf> <./Rp20_1e.pdf>]
<Rp20_1e.pdf, id=285, page=41, pagebox=cropbox, 483.6971pt x 682.86618pt>
File: Rp20_1e.pdf Graphic file (type pdf)
<use Rp20_1e.pdf, page 41>
Package pdftex.def Info: Rp20_1e.pdf , page41 used on input line 11. on input l
ine 11.
Package pdftex.def Info: Requested size: 483.69592pt x 682.8645pt on input line
 11.
 (Rp20_1e.pax)
File: Rp20_1e.pdf Graphic file (type pdf)
<use Rp20_1e.pdf, page 41>
Package pdftex.def Info: Rp20_1e.pdf , page41 used on input line 11. on input l
ine 11.
Package pdftex.def Info: Requested size: 483.69592pt x 682.8645pt on input line
 11.
 (Rp20_1e.pax)
<Rp20_1e.pdf, id=286, page=42, pagebox=cropbox, 483.6971pt x 682.86618pt>
File: Rp20_1e.pdf Graphic file (type pdf)
<use Rp20_1e.pdf, page 42>
Package pdftex.def Info: Rp20_1e.pdf , page42 used on input line 11. on input l
ine 11.
Package pdftex.def Info: Requested size: 483.69592pt x 682.8645pt on input line
 11.
 (Rp20_1e.pax)
File: Rp20_1e.pdf Graphic file (type pdf)
<use Rp20_1e.pdf, page 42>
Package pdftex.def Info: Rp20_1e.pdf , page42 used on input line 11. on input l
ine 11.
Package pdftex.def Info: Requested size: 483.69592pt x 682.8645pt on input line
 11.

(Rp20_1e.pax)
File: Rp20_1e.pdf Graphic file (type pdf)
<use Rp20_1e.pdf, page 41>
Package pdftex.def Info: Rp20_1e.pdf , page41 used on input line 11. on input l
ine 11.
Package pdftex.def Info: Requested size: 483.69592pt x 682.8645pt on input line
 11.
 (Rp20_1e.pax)
File: Rp20_1e.pdf Graphic file (type pdf)
<use Rp20_1e.pdf, page 42>
Package pdftex.def Info: Rp20_1e.pdf , page42 used on input line 11. on input l
ine 11.
Package pdftex.def Info: Requested size: 483.69592pt x 682.8645pt on input line
 11.
 (Rp20_1e.pax) [21 <./Rp20_1e.pdf> <./Rp20_1e.pdf>]
<Rp20_1e.pdf, id=290, page=43, pagebox=cropbox, 483.6971pt x 682.86618pt>
File: Rp20_1e.pdf Graphic file (type pdf)
<use Rp20_1e.pdf, page 43>
Package pdftex.def Info: Rp20_1e.pdf , page43 used on input line 11. on input l
ine 11.
Package pdftex.def Info: Requested size: 483.69592pt x 682.8645pt on input line
 11.

(Rp20_1e.pax)
File: Rp20_1e.pdf Graphic file (type pdf)
<use Rp20_1e.pdf, page 43>
Package pdftex.def Info: Rp20_1e.pdf , page43 used on input line 11. on input l
ine 11.
Package pdftex.def Info: Requested size: 483.69592pt x 682.8645pt on input line
 11.
 (Rp20_1e.pax)
<Rp20_1e.pdf, id=291, page=44, pagebox=cropbox, 483.6971pt x 682.86618pt>
File: Rp20_1e.pdf Graphic file (type pdf)
<use Rp20_1e.pdf, page 44>
Package pdftex.def Info: Rp20_1e.pdf , page44 used on input line 11. on input l
ine 11.
Package pdftex.def Info: Requested size: 483.69592pt x 682.8645pt on input line
 11.
 (Rp20_1e.pax)
File: Rp20_1e.pdf Graphic file (type pdf)
<use Rp20_1e.pdf, page 44>
Package pdftex.def Info: Rp20_1e.pdf , page44 used on input line 11. on input l
ine 11.
Package pdftex.def Info: Requested size: 483.69592pt x 682.8645pt on input line
 11.
 (Rp20_1e.pax)
File: Rp20_1e.pdf Graphic file (type pdf)
<use Rp20_1e.pdf, page 43>
Package pdftex.def Info: Rp20_1e.pdf , page43 used on input line 11. on input l
ine 11.
Package pdftex.def Info: Requested size: 483.69592pt x 682.8645pt on input line
 11.
 (Rp20_1e.pax)
File: Rp20_1e.pdf Graphic file (type pdf)
<use Rp20_1e.pdf, page 44>
Package pdftex.def Info: Rp20_1e.pdf , page44 used on input line 11. on input l
ine 11.
Package pdftex.def Info: Requested size: 483.69592pt x 682.8645pt on input line
 11.

(Rp20_1e.pax) [22 <./Rp20_1e.pdf> <./Rp20_1e.pdf>]
<Rp20_1e.pdf, id=295, page=45, pagebox=cropbox, 483.6971pt x 682.86618pt>
File: Rp20_1e.pdf Graphic file (type pdf)
<use Rp20_1e.pdf, page 45>
Package pdftex.def Info: Rp20_1e.pdf , page45 used on input line 11. on input l
ine 11.
Package pdftex.def Info: Requested size: 483.69592pt x 682.8645pt on input line
 11.
 (Rp20_1e.pax)
File: Rp20_1e.pdf Graphic file (type pdf)
<use Rp20_1e.pdf, page 45>
Package pdftex.def Info: Rp20_1e.pdf , page45 used on input line 11. on input l
ine 11.
Package pdftex.def Info: Requested size: 483.69592pt x 682.8645pt on input line
 11.
 (Rp20_1e.pax)
<Rp20_1e.pdf, id=296, page=46, pagebox=cropbox, 483.6971pt x 682.86618pt>
File: Rp20_1e.pdf Graphic file (type pdf)
<use Rp20_1e.pdf, page 46>
Package pdftex.def Info: Rp20_1e.pdf , page46 used on input line 11. on input l
ine 11.
Package pdftex.def Info: Requested size: 483.69592pt x 682.8645pt on input line
 11.

(Rp20_1e.pax)
File: Rp20_1e.pdf Graphic file (type pdf)
<use Rp20_1e.pdf, page 46>
Package pdftex.def Info: Rp20_1e.pdf , page46 used on input line 11. on input l
ine 11.
Package pdftex.def Info: Requested size: 483.69592pt x 682.8645pt on input line
 11.
 (Rp20_1e.pax)
File: Rp20_1e.pdf Graphic file (type pdf)
<use Rp20_1e.pdf, page 45>
Package pdftex.def Info: Rp20_1e.pdf , page45 used on input line 11. on input l
ine 11.
Package pdftex.def Info: Requested size: 483.69592pt x 682.8645pt on input line
 11.
 (Rp20_1e.pax)
File: Rp20_1e.pdf Graphic file (type pdf)
<use Rp20_1e.pdf, page 46>
Package pdftex.def Info: Rp20_1e.pdf , page46 used on input line 11. on input l
ine 11.
Package pdftex.def Info: Requested size: 483.69592pt x 682.8645pt on input line
 11.
 (Rp20_1e.pax) [23 <./Rp20_1e.pdf> <./Rp20_1e.pdf>]
<Rp20_1e.pdf, id=300, page=47, pagebox=cropbox, 483.6971pt x 682.86618pt>
File: Rp20_1e.pdf Graphic file (type pdf)
<use Rp20_1e.pdf, page 47>
Package pdftex.def Info: Rp20_1e.pdf , page47 used on input line 11. on input l
ine 11.
Package pdftex.def Info: Requested size: 483.69592pt x 682.8645pt on input line
 11.
 (Rp20_1e.pax)
File: Rp20_1e.pdf Graphic file (type pdf)
<use Rp20_1e.pdf, page 47>
Package pdftex.def Info: Rp20_1e.pdf , page47 used on input line 11. on input l
ine 11.
Package pdftex.def Info: Requested size: 483.69592pt x 682.8645pt on input line
 11.
 (Rp20_1e.pax)
<Rp20_1e.pdf, id=301, page=48, pagebox=cropbox, 483.6971pt x 682.86618pt>
File: Rp20_1e.pdf Graphic file (type pdf)
<use Rp20_1e.pdf, page 48>
Package pdftex.def Info: Rp20_1e.pdf , page48 used on input line 11. on input l
ine 11.
Package pdftex.def Info: Requested size: 483.69592pt x 682.8645pt on input line
 11.
 (Rp20_1e.pax)
File: Rp20_1e.pdf Graphic file (type pdf)
<use Rp20_1e.pdf, page 48>
Package pdftex.def Info: Rp20_1e.pdf , page48 used on input line 11. on input l
ine 11.
Package pdftex.def Info: Requested size: 483.69592pt x 682.8645pt on input line
 11.
 (Rp20_1e.pax)
File: Rp20_1e.pdf Graphic file (type pdf)
<use Rp20_1e.pdf, page 47>
Package pdftex.def Info: Rp20_1e.pdf , page47 used on input line 11. on input l
ine 11.
Package pdftex.def Info: Requested size: 483.69592pt x 682.8645pt on input line
 11.

(Rp20_1e.pax)
File: Rp20_1e.pdf Graphic file (type pdf)
<use Rp20_1e.pdf, page 48>
Package pdftex.def Info: Rp20_1e.pdf , page48 used on input line 11. on input l
ine 11.
Package pdftex.def Info: Requested size: 483.69592pt x 682.8645pt on input line
 11.
 (Rp20_1e.pax) [24 <./Rp20_1e.pdf> <./Rp20_1e.pdf>]
<Rp20_1e.pdf, id=310, page=49, pagebox=cropbox, 483.6971pt x 682.86618pt>
File: Rp20_1e.pdf Graphic file (type pdf)
<use Rp20_1e.pdf, page 49>
Package pdftex.def Info: Rp20_1e.pdf , page49 used on input line 11. on input l
ine 11.
Package pdftex.def Info: Requested size: 483.69592pt x 682.8645pt on input line
 11.
 (Rp20_1e.pax)
File: Rp20_1e.pdf Graphic file (type pdf)
<use Rp20_1e.pdf, page 49>
Package pdftex.def Info: Rp20_1e.pdf , page49 used on input line 11. on input l
ine 11.
Package pdftex.def Info: Requested size: 483.69592pt x 682.8645pt on input line
 11.

(Rp20_1e.pax)
<Rp20_1e.pdf, id=311, page=50, pagebox=cropbox, 483.6971pt x 682.86618pt>
File: Rp20_1e.pdf Graphic file (type pdf)
<use Rp20_1e.pdf, page 50>
Package pdftex.def Info: Rp20_1e.pdf , page50 used on input line 11. on input l
ine 11.
Package pdftex.def Info: Requested size: 483.69592pt x 682.8645pt on input line
 11.
 (Rp20_1e.pax)
File: Rp20_1e.pdf Graphic file (type pdf)
<use Rp20_1e.pdf, page 50>
Package pdftex.def Info: Rp20_1e.pdf , page50 used on input line 11. on input l
ine 11.
Package pdftex.def Info: Requested size: 483.69592pt x 682.8645pt on input line
 11.
 (Rp20_1e.pax)
File: Rp20_1e.pdf Graphic file (type pdf)
<use Rp20_1e.pdf, page 49>
Package pdftex.def Info: Rp20_1e.pdf , page49 used on input line 11. on input l
ine 11.
Package pdftex.def Info: Requested size: 483.69592pt x 682.8645pt on input line
 11.
 (Rp20_1e.pax)
File: Rp20_1e.pdf Graphic file (type pdf)
<use Rp20_1e.pdf, page 50>
Package pdftex.def Info: Rp20_1e.pdf , page50 used on input line 11. on input l
ine 11.
Package pdftex.def Info: Requested size: 483.69592pt x 682.8645pt on input line
 11.
 (Rp20_1e.pax) [25 <./Rp20_1e.pdf> <./Rp20_1e.pdf>]
<Rp20_1e.pdf, id=316, page=51, pagebox=cropbox, 483.6971pt x 682.86618pt>
File: Rp20_1e.pdf Graphic file (type pdf)
<use Rp20_1e.pdf, page 51>
Package pdftex.def Info: Rp20_1e.pdf , page51 used on input line 11. on input l
ine 11.
Package pdftex.def Info: Requested size: 483.69592pt x 682.8645pt on input line
 11.
 (Rp20_1e.pax)
File: Rp20_1e.pdf Graphic file (type pdf)
<use Rp20_1e.pdf, page 51>
Package pdftex.def Info: Rp20_1e.pdf , page51 used on input line 11. on input l
ine 11.
Package pdftex.def Info: Requested size: 483.69592pt x 682.8645pt on input line
 11.
 (Rp20_1e.pax)
<Rp20_1e.pdf, id=317, page=52, pagebox=cropbox, 483.6971pt x 682.86618pt>
File: Rp20_1e.pdf Graphic file (type pdf)
<use Rp20_1e.pdf, page 52>
Package pdftex.def Info: Rp20_1e.pdf , page52 used on input line 11. on input l
ine 11.
Package pdftex.def Info: Requested size: 483.69592pt x 682.8645pt on input line
 11.
 (Rp20_1e.pax)
File: Rp20_1e.pdf Graphic file (type pdf)
<use Rp20_1e.pdf, page 52>
Package pdftex.def Info: Rp20_1e.pdf , page52 used on input line 11. on input l
ine 11.
Package pdftex.def Info: Requested size: 483.69592pt x 682.8645pt on input line
 11.

(Rp20_1e.pax)
File: Rp20_1e.pdf Graphic file (type pdf)
<use Rp20_1e.pdf, page 51>
Package pdftex.def Info: Rp20_1e.pdf , page51 used on input line 11. on input l
ine 11.
Package pdftex.def Info: Requested size: 483.69592pt x 682.8645pt on input line
 11.
 (Rp20_1e.pax)
File: Rp20_1e.pdf Graphic file (type pdf)
<use Rp20_1e.pdf, page 52>
Package pdftex.def Info: Rp20_1e.pdf , page52 used on input line 11. on input l
ine 11.
Package pdftex.def Info: Requested size: 483.69592pt x 682.8645pt on input line
 11.
 (Rp20_1e.pax) [26 <./Rp20_1e.pdf> <./Rp20_1e.pdf>]
<Rp20_1e.pdf, id=321, page=53, pagebox=cropbox, 483.6971pt x 682.86618pt>
File: Rp20_1e.pdf Graphic file (type pdf)
<use Rp20_1e.pdf, page 53>
Package pdftex.def Info: Rp20_1e.pdf , page53 used on input line 11. on input l
ine 11.
Package pdftex.def Info: Requested size: 483.69592pt x 682.8645pt on input line
 11.

(Rp20_1e.pax)
File: Rp20_1e.pdf Graphic file (type pdf)
<use Rp20_1e.pdf, page 53>
Package pdftex.def Info: Rp20_1e.pdf , page53 used on input line 11. on input l
ine 11.
Package pdftex.def Info: Requested size: 483.69592pt x 682.8645pt on input line
 11.
 (Rp20_1e.pax)
<Rp20_1e.pdf, id=322, page=54, pagebox=cropbox, 483.6971pt x 682.86618pt>
File: Rp20_1e.pdf Graphic file (type pdf)
<use Rp20_1e.pdf, page 54>
Package pdftex.def Info: Rp20_1e.pdf , page54 used on input line 11. on input l
ine 11.
Package pdftex.def Info: Requested size: 483.69592pt x 682.8645pt on input line
 11.
 (Rp20_1e.pax)
File: Rp20_1e.pdf Graphic file (type pdf)
<use Rp20_1e.pdf, page 54>
Package pdftex.def Info: Rp20_1e.pdf , page54 used on input line 11. on input l
ine 11.
Package pdftex.def Info: Requested size: 483.69592pt x 682.8645pt on input line
 11.
 (Rp20_1e.pax)
File: Rp20_1e.pdf Graphic file (type pdf)
<use Rp20_1e.pdf, page 53>
Package pdftex.def Info: Rp20_1e.pdf , page53 used on input line 11. on input l
ine 11.
Package pdftex.def Info: Requested size: 483.69592pt x 682.8645pt on input line
 11.
 (Rp20_1e.pax)
File: Rp20_1e.pdf Graphic file (type pdf)
<use Rp20_1e.pdf, page 54>
Package pdftex.def Info: Rp20_1e.pdf , page54 used on input line 11. on input l
ine 11.
Package pdftex.def Info: Requested size: 483.69592pt x 682.8645pt on input line
 11.

(Rp20_1e.pax) [27 <./Rp20_1e.pdf> <./Rp20_1e.pdf>]
<Rp20_1e.pdf, id=331, page=55, pagebox=cropbox, 483.6971pt x 682.86618pt>
File: Rp20_1e.pdf Graphic file (type pdf)
<use Rp20_1e.pdf, page 55>
Package pdftex.def Info: Rp20_1e.pdf , page55 used on input line 11. on input l
ine 11.
Package pdftex.def Info: Requested size: 483.69592pt x 682.8645pt on input line
 11.
 (Rp20_1e.pax)
File: Rp20_1e.pdf Graphic file (type pdf)
<use Rp20_1e.pdf, page 55>
Package pdftex.def Info: Rp20_1e.pdf , page55 used on input line 11. on input l
ine 11.
Package pdftex.def Info: Requested size: 483.69592pt x 682.8645pt on input line
 11.
 (Rp20_1e.pax)
<Rp20_1e.pdf, id=332, page=56, pagebox=cropbox, 483.6971pt x 682.86618pt>
File: Rp20_1e.pdf Graphic file (type pdf)
<use Rp20_1e.pdf, page 56>
Package pdftex.def Info: Rp20_1e.pdf , page56 used on input line 11. on input l
ine 11.
Package pdftex.def Info: Requested size: 483.69592pt x 682.8645pt on input line
 11.

(Rp20_1e.pax)
File: Rp20_1e.pdf Graphic file (type pdf)
<use Rp20_1e.pdf, page 56>
Package pdftex.def Info: Rp20_1e.pdf , page56 used on input line 11. on input l
ine 11.
Package pdftex.def Info: Requested size: 483.69592pt x 682.8645pt on input line
 11.
 (Rp20_1e.pax)
File: Rp20_1e.pdf Graphic file (type pdf)
<use Rp20_1e.pdf, page 55>
Package pdftex.def Info: Rp20_1e.pdf , page55 used on input line 11. on input l
ine 11.
Package pdftex.def Info: Requested size: 483.69592pt x 682.8645pt on input line
 11.
 (Rp20_1e.pax)
File: Rp20_1e.pdf Graphic file (type pdf)
<use Rp20_1e.pdf, page 56>
Package pdftex.def Info: Rp20_1e.pdf , page56 used on input line 11. on input l
ine 11.
Package pdftex.def Info: Requested size: 483.69592pt x 682.8645pt on input line
 11.
 (Rp20_1e.pax) [28 <./Rp20_1e.pdf> <./Rp20_1e.pdf>]
<Rp20_1e.pdf, id=336, page=57, pagebox=cropbox, 483.6971pt x 682.86618pt>
File: Rp20_1e.pdf Graphic file (type pdf)
<use Rp20_1e.pdf, page 57>
Package pdftex.def Info: Rp20_1e.pdf , page57 used on input line 11. on input l
ine 11.
Package pdftex.def Info: Requested size: 483.69592pt x 682.8645pt on input line
 11.
 (Rp20_1e.pax)
File: Rp20_1e.pdf Graphic file (type pdf)
<use Rp20_1e.pdf, page 57>
Package pdftex.def Info: Rp20_1e.pdf , page57 used on input line 11. on input l
ine 11.
Package pdftex.def Info: Requested size: 483.69592pt x 682.8645pt on input line
 11.
 (Rp20_1e.pax)
<Rp20_1e.pdf, id=337, page=58, pagebox=cropbox, 483.6971pt x 682.86618pt>
File: Rp20_1e.pdf Graphic file (type pdf)
<use Rp20_1e.pdf, page 58>
Package pdftex.def Info: Rp20_1e.pdf , page58 used on input line 11. on input l
ine 11.
Package pdftex.def Info: Requested size: 483.69592pt x 682.8645pt on input line
 11.
 (Rp20_1e.pax)
File: Rp20_1e.pdf Graphic file (type pdf)
<use Rp20_1e.pdf, page 58>
Package pdftex.def Info: Rp20_1e.pdf , page58 used on input line 11. on input l
ine 11.
Package pdftex.def Info: Requested size: 483.69592pt x 682.8645pt on input line
 11.
 (Rp20_1e.pax)
File: Rp20_1e.pdf Graphic file (type pdf)
<use Rp20_1e.pdf, page 57>
Package pdftex.def Info: Rp20_1e.pdf , page57 used on input line 11. on input l
ine 11.
Package pdftex.def Info: Requested size: 483.69592pt x 682.8645pt on input line
 11.

(Rp20_1e.pax)
File: Rp20_1e.pdf Graphic file (type pdf)
<use Rp20_1e.pdf, page 58>
Package pdftex.def Info: Rp20_1e.pdf , page58 used on input line 11. on input l
ine 11.
Package pdftex.def Info: Requested size: 483.69592pt x 682.8645pt on input line
 11.
 (Rp20_1e.pax) [29 <./Rp20_1e.pdf> <./Rp20_1e.pdf>]
<Rp20_1e.pdf, id=341, page=59, pagebox=cropbox, 483.6971pt x 682.86618pt>
File: Rp20_1e.pdf Graphic file (type pdf)
<use Rp20_1e.pdf, page 59>
Package pdftex.def Info: Rp20_1e.pdf , page59 used on input line 11. on input l
ine 11.
Package pdftex.def Info: Requested size: 483.69592pt x 682.8645pt on input line
 11.
 (Rp20_1e.pax)
File: Rp20_1e.pdf Graphic file (type pdf)
<use Rp20_1e.pdf, page 59>
Package pdftex.def Info: Rp20_1e.pdf , page59 used on input line 11. on input l
ine 11.
Package pdftex.def Info: Requested size: 483.69592pt x 682.8645pt on input line
 11.

(Rp20_1e.pax)
<Rp20_1e.pdf, id=342, page=60, pagebox=cropbox, 483.6971pt x 682.86618pt>
File: Rp20_1e.pdf Graphic file (type pdf)
<use Rp20_1e.pdf, page 60>
Package pdftex.def Info: Rp20_1e.pdf , page60 used on input line 11. on input l
ine 11.
Package pdftex.def Info: Requested size: 483.69592pt x 682.8645pt on input line
 11.
 (Rp20_1e.pax)
File: Rp20_1e.pdf Graphic file (type pdf)
<use Rp20_1e.pdf, page 60>
Package pdftex.def Info: Rp20_1e.pdf , page60 used on input line 11. on input l
ine 11.
Package pdftex.def Info: Requested size: 483.69592pt x 682.8645pt on input line
 11.
 (Rp20_1e.pax)
File: Rp20_1e.pdf Graphic file (type pdf)
<use Rp20_1e.pdf, page 59>
Package pdftex.def Info: Rp20_1e.pdf , page59 used on input line 11. on input l
ine 11.
Package pdftex.def Info: Requested size: 483.69592pt x 682.8645pt on input line
 11.
 (Rp20_1e.pax)
File: Rp20_1e.pdf Graphic file (type pdf)
<use Rp20_1e.pdf, page 60>
Package pdftex.def Info: Rp20_1e.pdf , page60 used on input line 11. on input l
ine 11.
Package pdftex.def Info: Requested size: 483.69592pt x 682.8645pt on input line
 11.
 (Rp20_1e.pax) [30 <./Rp20_1e.pdf> <./Rp20_1e.pdf>]
<Rp20_1e.pdf, id=346, page=61, pagebox=cropbox, 483.6971pt x 682.86618pt>
File: Rp20_1e.pdf Graphic file (type pdf)
<use Rp20_1e.pdf, page 61>
Package pdftex.def Info: Rp20_1e.pdf , page61 used on input line 11. on input l
ine 11.
Package pdftex.def Info: Requested size: 483.69592pt x 682.8645pt on input line
 11.
 (Rp20_1e.pax)
File: Rp20_1e.pdf Graphic file (type pdf)
<use Rp20_1e.pdf, page 61>
Package pdftex.def Info: Rp20_1e.pdf , page61 used on input line 11. on input l
ine 11.
Package pdftex.def Info: Requested size: 483.69592pt x 682.8645pt on input line
 11.
 (Rp20_1e.pax)
<Rp20_1e.pdf, id=347, page=62, pagebox=cropbox, 483.6971pt x 682.86618pt>
File: Rp20_1e.pdf Graphic file (type pdf)
<use Rp20_1e.pdf, page 62>
Package pdftex.def Info: Rp20_1e.pdf , page62 used on input line 11. on input l
ine 11.
Package pdftex.def Info: Requested size: 483.69592pt x 682.8645pt on input line
 11.
 (Rp20_1e.pax)
File: Rp20_1e.pdf Graphic file (type pdf)
<use Rp20_1e.pdf, page 62>
Package pdftex.def Info: Rp20_1e.pdf , page62 used on input line 11. on input l
ine 11.
Package pdftex.def Info: Requested size: 483.69592pt x 682.8645pt on input line
 11.

(Rp20_1e.pax)
File: Rp20_1e.pdf Graphic file (type pdf)
<use Rp20_1e.pdf, page 61>
Package pdftex.def Info: Rp20_1e.pdf , page61 used on input line 11. on input l
ine 11.
Package pdftex.def Info: Requested size: 483.69592pt x 682.8645pt on input line
 11.
 (Rp20_1e.pax)
File: Rp20_1e.pdf Graphic file (type pdf)
<use Rp20_1e.pdf, page 62>
Package pdftex.def Info: Rp20_1e.pdf , page62 used on input line 11. on input l
ine 11.
Package pdftex.def Info: Requested size: 483.69592pt x 682.8645pt on input line
 11.
 (Rp20_1e.pax) [31 <./Rp20_1e.pdf> <./Rp20_1e.pdf>]
(Rp20_1e_ebookform.aux) ) 
Here is how much of TeX's memory you used:
 4124 strings out of 493312
 68054 string characters out of 3138898
 123133 words of memory out of 3000000
 7220 multiletter control sequences out of 15000+200000
 3640 words of font info for 14 fonts, out of 3000000 for 9000
 1141 hyphenation exceptions out of 8191
 41i,19n,50p,266b,440s stack positions out of 5000i,500n,10000p,200000b,50000s
<C:/Program Files/MiKTeX 2.9/fonts/type1/public/amsfon
ts/cm/cmbx12.pfb><C:/Program Files/MiKTeX 2.9/fonts/type1/public/amsfonts/cm/cm
csc10.pfb><C:/Program Files/MiKTeX 2.9/fonts/type1/public/amsfonts/cm/cmex10.pf
b><C:/Program Files/MiKTeX 2.9/fonts/type1/public/amsfonts/cm/cmmi12.pfb><C:/Pr
ogram Files/MiKTeX 2.9/fonts/type1/public/amsfonts/cm/cmmi8.pfb><C:/Program Fil
es/MiKTeX 2.9/fonts/type1/public/amsfonts/cm/cmr10.pfb><C:/Program Files/MiKTeX
 2.9/fonts/type1/public/amsfonts/cm/cmr12.pfb><C:/Program Files/MiKTeX 2.9/font
s/type1/public/amsfonts/cm/cmr8.pfb><C:/Program Files/MiKTeX 2.9/fonts/type1/pu
blic/amsfonts/cm/cmsl12.pfb><C:/Program Files/MiKTeX 2.9/fonts/type1/public/ams
fonts/cm/cmsy10.pfb><C:/Program Files/MiKTeX 2.9/fonts/type1/public/amsfonts/cm
/cmti12.pfb><C:/Program Files/MiKTeX 2.9/fonts/type1/public/amsfonts/latxfont/l
circle1.pfb>
Output written on Rp20_1e_ebookform.pdf (31 pages, 293780 bytes).
PDF statistics:
 378 PDF objects out of 1000 (max. 8388607)
 32 named destinations out of 1000 (max. 500000)
 326 words of extra memory for PDF output out of 10000 (max. 10000000)

